19:43:41.681 [main] DEBUG api.test.UserTests - debugging.....
19:43:41.693 [main] INFO  api.test.UserTests - ********** Creating user  ***************
19:43:43.345 [main] INFO  api.test.UserTests - ********** Created user  ***************
19:43:43.358 [main] INFO  api.test.UserTests - ********** Getting user Info ***************
19:43:43.620 [main] INFO  api.test.UserTests - ********** Getting user Info ***************
19:43:43.624 [main] INFO  api.test.UserTests - ********** testUpdate UserByName ***************
19:43:43.856 [main] INFO  api.test.UserTests - ********** testUpdated UserByName ***************
19:43:44.004 [main] INFO  api.test.UserTests - ********** test Delete User By Name ***************
19:43:44.164 [main] INFO  api.test.UserTests - ********** test Deleted User By Name ***************
17:26:16.714 [main] DEBUG api.test.UserTests2 - debugging.....
17:26:16.727 [main] INFO  api.test.UserTests2 - ********** Creating user  ***************
17:26:20.032 [main] INFO  api.test.UserTests2 - ********** Created user  ***************
17:26:20.044 [main] INFO  api.test.UserTests2 - ********** Getting user Info ***************
17:26:20.260 [main] INFO  api.test.UserTests2 - ********** Getting user Info ***************
17:26:20.266 [main] INFO  api.test.UserTests2 - ********** testUpdate UserByName ***************
17:26:20.422 [main] INFO  api.test.UserTests2 - ********** testUpdated UserByName ***************
17:26:20.601 [main] INFO  api.test.UserTests2 - ********** test Delete User By Name ***************
17:26:20.789 [main] INFO  api.test.UserTests2 - ********** test Deleted User By Name ***************
17:33:12.774 [main] DEBUG api.test.UserTests2 - debugging.....
17:33:12.787 [main] INFO  api.test.UserTests2 - ********** Creating user  ***************
17:33:14.513 [main] INFO  api.test.UserTests2 - ********** Created user  ***************
17:33:14.524 [main] INFO  api.test.UserTests2 - ********** Getting user Info ***************
17:33:14.751 [main] INFO  api.test.UserTests2 - ********** Getting user Info ***************
17:33:14.755 [main] INFO  api.test.UserTests2 - ********** testUpdate UserByName ***************
17:33:14.983 [main] INFO  api.test.UserTests2 - ********** testUpdated UserByName ***************
17:33:15.162 [main] INFO  api.test.UserTests2 - ********** test Delete User By Name ***************
17:33:15.322 [main] INFO  api.test.UserTests2 - ********** test Deleted User By Name ***************
17:42:14.996 [main] DEBUG api.test.UserTests2 - debugging.....
17:42:15.008 [main] INFO  api.test.UserTests2 - ********** Creating user  ***************
17:42:16.517 [main] INFO  api.test.UserTests2 - ********** Created user  ***************
17:42:16.528 [main] INFO  api.test.UserTests2 - ********** Getting user Info ***************
17:42:16.689 [main] INFO  api.test.UserTests2 - ********** Getting user Info ***************
17:42:16.692 [main] INFO  api.test.UserTests2 - ********** testUpdate UserByName ***************
17:42:16.857 [main] INFO  api.test.UserTests2 - ********** testUpdated UserByName ***************
17:42:17.064 [main] INFO  api.test.UserTests2 - ********** test Delete User By Name ***************
17:42:17.224 [main] INFO  api.test.UserTests2 - ********** test Deleted User By Name ***************
17:43:45.664 [main] DEBUG api.test.UserTests2 - debugging.....
17:43:45.676 [main] INFO  api.test.UserTests2 - ********** Creating user  ***************
17:43:47.178 [main] INFO  api.test.UserTests2 - ********** Created user  ***************
17:43:47.189 [main] INFO  api.test.UserTests2 - ********** Getting user Info ***************
17:43:47.350 [main] INFO  api.test.UserTests2 - ********** Getting user Info ***************
17:43:47.353 [main] INFO  api.test.UserTests2 - ********** testUpdate UserByName ***************
17:43:47.505 [main] INFO  api.test.UserTests2 - ********** testUpdated UserByName ***************
17:43:47.667 [main] INFO  api.test.UserTests2 - ********** test Delete User By Name ***************
17:43:47.874 [main] INFO  api.test.UserTests2 - ********** test Deleted User By Name ***************
17:50:23.535 [main] DEBUG api.test.UserTests2 - debugging.....
17:50:23.548 [main] INFO  api.test.UserTests2 - ********** Creating user  ***************
17:50:25.364 [main] INFO  api.test.UserTests2 - ********** Created user  ***************
17:50:25.377 [main] INFO  api.test.UserTests2 - ********** Getting user Info ***************
17:50:25.541 [main] INFO  api.test.UserTests2 - ********** Getting user Info ***************
17:50:25.544 [main] INFO  api.test.UserTests2 - ********** testUpdate UserByName ***************
17:50:25.678 [main] INFO  api.test.UserTests2 - ********** testUpdated UserByName ***************
17:50:25.816 [main] INFO  api.test.UserTests2 - ********** test Delete User By Name ***************
17:50:25.965 [main] INFO  api.test.UserTests2 - ********** test Deleted User By Name ***************
18:22:41.507 [main] DEBUG api.test.UserTests2 - debugging.....
18:22:41.518 [main] INFO  api.test.UserTests2 - ********** Creating user  ***************
18:22:43.307 [main] INFO  api.test.UserTests2 - ********** Created user  ***************
18:22:43.318 [main] INFO  api.test.UserTests2 - ********** Getting user Info ***************
18:22:43.466 [main] INFO  api.test.UserTests2 - ********** Getting user Info ***************
18:22:43.467 [main] INFO  api.test.UserTests2 - ********** testUpdate UserByName ***************
18:22:43.616 [main] INFO  api.test.UserTests2 - ********** testUpdated UserByName ***************
18:22:43.790 [main] INFO  api.test.UserTests2 - ********** test Delete User By Name ***************
18:22:43.993 [main] INFO  api.test.UserTests2 - ********** test Deleted User By Name ***************
19:02:16.044 [main] DEBUG api.test.UserTests2 - debugging.....
19:02:16.054 [main] INFO  api.test.UserTests2 - ********** Creating user  ***************
19:02:18.063 [main] INFO  api.test.UserTests2 - ********** Created user  ***************
19:02:18.073 [main] INFO  api.test.UserTests2 - ********** Getting user Info ***************
19:02:18.261 [main] INFO  api.test.UserTests2 - ********** Getting user Info ***************
19:02:18.265 [main] INFO  api.test.UserTests2 - ********** testUpdate UserByName ***************
19:02:18.452 [main] INFO  api.test.UserTests2 - ********** testUpdated UserByName ***************
19:02:18.575 [main] INFO  api.test.UserTests2 - ********** test Delete User By Name ***************
19:02:18.941 [main] INFO  api.test.UserTests2 - ********** test Deleted User By Name ***************
